
 -----------------------------------------------
      Restrained ESP Fit 2.3  Amber 4.1
 -----------------------------------------------
 Resp charges for organic molecule                                               
 -----------------------------------------------


 inopt       =     0   ioutopt     =     1
 nmol        =     1   iqopt       =     0
 ihfree      =     1   irstrnt     =     1
 iunits      =     0   qwt         =   0.00050000
 wtmol(1) =     1.000000
 subtitle:

Resp charges for organic molecule                                               
ich =  -1  iuniq =  17
    1    7    0
    2    1    0
    3    6    0
    4    1    0
    5    6    0
    6    1    0
    7    1    0
    8    6    0
    9    1    0
   10    1    0
   11    6    0
   12    8    0
   13    8   12
   14    6    0
   15    8    0
   16    1    2
   17    1    0

  ----------------------------------------------------------------------------
     ATOM                       COORDINATES                         CHARGE
                       X             Y                Z
  ----------------------------------------------------------------------------
  ----------------------------------------------------------------------------


 Charge on the molecule(ich) =   -1
 Total number of atoms (iuniq)     =   17
 Weight factor on initial charge restraints(qwt)=     0.50000D-03


  there are  1 charge constraints:


     1       1
     2       1
     3       1
     4       1
     5       1
     6       1
     7       1
     8       1
     9       1
    10       1
    11       1
    12       1
    13       1
    14       1
    15       1
    16       1
    17       1

 Reading esp"s for molecule   1
 total number of atoms      =    17
 total number of esp points =  5553


 center     X       Y       Z 
    1  -0.3324264E+01   0.3199062E+01   0.8720821E+00
    2  -0.2941302E+01   0.2827111E+01   0.2720357E+01
    3  -0.2828514E+01   0.9029149E+00  -0.5892676E+00
    4  -0.2842651E+01   0.1444119E+01  -0.2594959E+01
    5  -0.3621471E+00  -0.4638918E+00   0.4971869E-02
    6  -0.3659776E+00  -0.1003507E+01   0.2001726E+01
    7  -0.2826690E+00  -0.2211731E+01  -0.1096521E+01
    8   0.1962273E+01   0.1143993E+01  -0.5616360E+00
    9   0.1977991E+01   0.1713963E+01  -0.2546275E+01
   10   0.1912072E+01   0.2868751E+01   0.5839952E+00
   11   0.4443010E+01  -0.2147352E+00   0.5491922E-01
   12   0.4573791E+01  -0.1337516E+01   0.2147392E+01
   13   0.6187759E+01  -0.9600942E-01  -0.1552049E+01
   14  -0.5096653E+01  -0.8062365E+00  -0.3248911E+00
   15  -0.4998153E+01  -0.3084280E+01  -0.1880296E+00
   16  -0.2070380E+01   0.4550290E+01   0.3425336E+00
   17  -0.6932210E+01   0.1877386E+00  -0.2785248E+00
 Initial ssvpot =    97.376


 Number of unique UNfrozen centers=   15

 Non-linear optimization requested.
 qchnge =    0.1387297408    
 qchnge =    0.9869294482E-03
 qchnge =    0.5177355962E-04
 qchnge =    0.2861599858E-05
 qchnge =    0.1596509671E-06

 Convergence in    4 iterations


Resp charges for organic molecule                                               

          Point Charges Before & After Optimization

    no.  At.no.    q(init)       q(opt)     ivary    d(rstr)/dq
    1   7       0.000000      -1.237099      0       0.000403
    2   1       0.000000       0.453869      0       0.000000
    3   6       0.000000       0.528437      0       0.000930
    4   1       0.000000       0.004613      0       0.000000
    5   6       0.000000      -0.079043      0       0.003923
    6   1       0.000000       0.029274      0       0.000000
    7   1       0.000000       0.001767      0       0.000000
    8   6       0.000000      -0.197606      0       0.002258
    9   1       0.000000       0.032362      0       0.000000
   10   1       0.000000       0.035844      0       0.000000
   11   6       0.000000       0.960146      0       0.000518
   12   8       0.000000      -0.930439      0       0.000534
   13   8       0.000000      -0.930439     12       0.000534
   14   6       0.000000       0.457142      0       0.001068
   15   8       0.000000      -0.629785      0       0.000784
   16   1       0.000000       0.453869      2       0.000000
   17   1       0.000000       0.047090      0       0.000000

 Sum over the calculated charges:     -1.000

        Statistics of the fitting:
  The initial sum of squares (ssvpot)                     97.376
  The residual sum of squares (chipot)                     0.017
  The std err of estimate (sqrt(chipot/N))               0.00173
  ESP relative RMS (SQRT(chipot/ssvpot))                 0.01307

 Center of Mass (Angst.):

 X  =   0.00000      Y  =   0.00000      Z  =   0.00000

 Dipole (Debye):

 X  = -13.12414      Y  =   6.40670      Z  =  -1.14557

 Dipole Moment (Debye)=  14.64927

 Quadrupole (Debye*Angst.):

 Qxx = -99.06395     QYY =  43.82409     QZZ =  55.23986
 Qxy =  73.68248     QXZ =  73.17054     QYZ =  80.45361
