
 -----------------------------------------------
      Restrained ESP Fit 2.3  Amber 4.1
 -----------------------------------------------
 Resp charges for organic molecule                                               
 -----------------------------------------------


 inopt       =     0   ioutopt     =     1
 nmol        =     1   iqopt       =     2
 ihfree      =     1   irstrnt     =     1
 iunits      =     0   qwt         =   0.00100000
 wtmol(1) =     1.000000
 subtitle:

Resp charges for organic molecule                                               
ich =  -1  iuniq =  17
    1    7  -99
    2    1  -99
    3    6  -99
    4    1  -99
    5    6    0
    6    1    0
    7    1    6
    8    6    0
    9    1    0
   10    1    9
   11    6  -99
   12    8  -99
   13    8  -99
   14    6  -99
   15    8  -99
   16    1  -99
   17    1  -99
 new q0 values to be read  17

  ----------------------------------------------------------------------------
     ATOM                       COORDINATES                         CHARGE
                       X             Y                Z
  ----------------------------------------------------------------------------
  ----------------------------------------------------------------------------


 Charge on the molecule(ich) =   -1
 Total number of atoms (iuniq)     =   17
 Weight factor on initial charge restraints(qwt)=     0.10000D-02


  there are  1 charge constraints:


     1       1
     2       1
     3       1
     4       1
     5       1
     6       1
     7       1
     8       1
     9       1
    10       1
    11       1
    12       1
    13       1
    14       1
    15       1
    16       1
    17       1

 Reading esp"s for molecule   1
 total number of atoms      =    17
 total number of esp points =  5553


 center     X       Y       Z 
    1  -0.3324264E+01   0.3199062E+01   0.8720821E+00
    2  -0.2941302E+01   0.2827111E+01   0.2720357E+01
    3  -0.2828514E+01   0.9029149E+00  -0.5892676E+00
    4  -0.2842651E+01   0.1444119E+01  -0.2594959E+01
    5  -0.3621471E+00  -0.4638918E+00   0.4971869E-02
    6  -0.3659776E+00  -0.1003507E+01   0.2001726E+01
    7  -0.2826690E+00  -0.2211731E+01  -0.1096521E+01
    8   0.1962273E+01   0.1143993E+01  -0.5616360E+00
    9   0.1977991E+01   0.1713963E+01  -0.2546275E+01
   10   0.1912072E+01   0.2868751E+01   0.5839952E+00
   11   0.4443010E+01  -0.2147352E+00   0.5491922E-01
   12   0.4573791E+01  -0.1337516E+01   0.2147392E+01
   13   0.6187759E+01  -0.9600942E-01  -0.1552049E+01
   14  -0.5096653E+01  -0.8062365E+00  -0.3248911E+00
   15  -0.4998153E+01  -0.3084280E+01  -0.1880296E+00
   16  -0.2070380E+01   0.4550290E+01   0.3425336E+00
   17  -0.6932210E+01   0.1877386E+00  -0.2785248E+00
 Initial ssvpot =    97.376


 Number of unique UNfrozen centers=    4

 Non-linear optimization requested.
 qchnge =    0.1384009724    
 qchnge =    0.3166890015E-03
 qchnge =    0.4270327088E-05
 qchnge =    0.5804615998E-07

 Convergence in    3 iterations


Resp charges for organic molecule                                               

          Point Charges Before & After Optimization

    no.  At.no.    q(init)       q(opt)     ivary    d(rstr)/dq
    1   7      -1.237099      -1.237099    -99       0.000806
    2   1       0.453869       0.453869    -99       0.000000
    3   6       0.528437       0.528437    -99       0.001859
    4   1       0.004613       0.004613    -99       0.000000
    5   6      -0.079043      -0.083030      0       0.007694
    6   1       0.029274       0.017497      0       0.000000
    7   1       0.001767       0.017497      6       0.000000
    8   6      -0.197606      -0.201500      0       0.004445
    9   1       0.032362       0.036066      0       0.000000
   10   1       0.035844       0.036066      9       0.000000
   11   6       0.960146       0.960146    -99       0.001036
   12   8      -0.930439      -0.930439    -99       0.001069
   13   8      -0.930439      -0.930439    -99       0.001069
   14   6       0.457142       0.457142    -99       0.002137
   15   8      -0.629785      -0.629785    -99       0.001568
   16   1       0.453869       0.453869    -99       0.000000
   17   1       0.047090       0.047090    -99       0.000000

 Sum over the calculated charges:     -1.000

        Statistics of the fitting:
  The initial sum of squares (ssvpot)                     97.376
  The residual sum of squares (chipot)                     0.019
  The std err of estimate (sqrt(chipot/N))               0.00185
  ESP relative RMS (SQRT(chipot/ssvpot))                 0.01397

 Center of Mass (Angst.):

 X  =   0.00000      Y  =   0.00000      Z  =   0.00000

 Dipole (Debye):

 X  = -13.12055      Y  =   6.35945      Z  =  -1.26747

 Dipole Moment (Debye)=  14.63550

 Quadrupole (Debye*Angst.):

 Qxx = -99.15465     QYY =  44.02532     QZZ =  55.12933
 Qxy =  73.63366     QXZ =  73.07939     QYZ =  80.56070
