
 -----------------------------------------------
      Restrained ESP Fit 2.3  Amber 4.1
 -----------------------------------------------
 Resp charges for organic molecule                                               
 -----------------------------------------------


 inopt       =     0   ioutopt     =     1
 nmol        =     1   iqopt       =     2
 ihfree      =     1   irstrnt     =     1
 iunits      =     0   qwt         =   0.00100000
 wtmol(1) =     1.000000
 subtitle:

Resp charges for organic molecule                                               
ich =   0  iuniq =  18
    1    7  -99
    2    1  -99
    3    6  -99
    4    1  -99
    5    6    0
    6    1    0
    7    1    6
    8    6    0
    9    1    0
   10    1    9
   11    6  -99
   12    8  -99
   13    8  -99
   14    6  -99
   15    8  -99
   16    1  -99
   17    1  -99
   18    1  -99
 new q0 values to be read  18

  ----------------------------------------------------------------------------
     ATOM                       COORDINATES                         CHARGE
                       X             Y                Z
  ----------------------------------------------------------------------------
  ----------------------------------------------------------------------------


 Charge on the molecule(ich) =    0
 Total number of atoms (iuniq)     =   18
 Weight factor on initial charge restraints(qwt)=     0.10000D-02


  there are  1 charge constraints:


     1       1
     2       1
     3       1
     4       1
     5       1
     6       1
     7       1
     8       1
     9       1
    10       1
    11       1
    12       1
    13       1
    14       1
    15       1
    16       1
    17       1
    18       1

 Reading esp"s for molecule   1
 total number of atoms      =    18
 total number of esp points =  5595


 center     X       Y       Z 
    1   0.3449196E+01   0.3310356E+01   0.3531898E-01
    2   0.3031610E+01   0.3532418E+01  -0.1828559E+01
    3   0.2896644E+01   0.7025037E+00   0.7544296E+00
    4   0.2938968E+01   0.6159732E+00   0.2828633E+01
    5   0.3901113E+00  -0.3738143E+00  -0.1799926E+00
    6   0.3722174E+00  -0.3389375E+00  -0.2249341E+01
    7   0.2407076E+00  -0.2347533E+01   0.4108170E+00
    8  -0.1861340E+01   0.1137791E+01   0.8408279E+00
    9  -0.1848326E+01   0.1099229E+01   0.2908048E+01
   10  -0.1782478E+01   0.3092716E+01   0.2009459E+00
   11  -0.4304337E+01   0.3249006E-01  -0.9578265E-01
   12  -0.5598829E+01   0.9467300E+00  -0.1736647E+01
   13  -0.5027355E+01  -0.2170309E+01   0.9505227E+00
   14   0.5097919E+01  -0.9225472E+00  -0.5864009E-01
   15   0.4902862E+01  -0.3033930E+01  -0.9047743E+00
   16   0.2273322E+01   0.4488787E+01   0.9873818E+00
   17   0.6969130E+01  -0.3331209E-01   0.1897738E+00
   18  -0.3866937E+01  -0.2680281E+01   0.2267197E+01
 Initial ssvpot =     6.417


 Number of unique UNfrozen centers=    4

 Non-linear optimization requested.
 qchnge =    0.1267281324    
 qchnge =    0.3343005631E-03
 qchnge =    0.3788446309E-05
 qchnge =    0.4444068978E-07

 Convergence in    3 iterations


Resp charges for organic molecule                                               

          Point Charges Before & After Optimization

    no.  At.no.    q(init)       q(opt)     ivary    d(rstr)/dq
    1   7      -1.245377      -1.245377    -99       0.000800
    2   1       0.462032       0.462032    -99       0.000000
    3   6       0.551624       0.551624    -99       0.001784
    4   1       0.014209       0.014209    -99       0.000000
    5   6      -0.085786      -0.084525      0       0.007637
    6   1       0.069731       0.042344      0       0.000000
    7   1       0.016121       0.042344      6       0.000000
    8   6      -0.388452      -0.387273      0       0.002500
    9   1       0.138709       0.117833      0       0.000000
   10   1       0.098233       0.117833      9       0.000000
   11   6       0.933066       0.933066    -99       0.001066
   12   8      -0.694484      -0.694484    -99       0.001425
   13   8      -0.727122      -0.727122    -99       0.001362
   14   6       0.433713       0.433713    -99       0.002247
   15   8      -0.617574      -0.617574    -99       0.001598
   16   1       0.462032       0.462032    -99       0.000000
   17   1       0.056357       0.056357    -99       0.000000
   18   1       0.522968       0.522968    -99       0.000000

 Sum over the calculated charges:     -0.000

        Statistics of the fitting:
  The initial sum of squares (ssvpot)                      6.417
  The residual sum of squares (chipot)                     0.020
  The std err of estimate (sqrt(chipot/N))               0.00189
  ESP relative RMS (SQRT(chipot/ssvpot))                 0.05578

 Center of Mass (Angst.):

 X  =   0.00000      Y  =   0.00000      Z  =   0.00000

 Dipole (Debye):

 X  =   2.95432      Y  =   2.46988      Z  =   5.48270

 Dipole Moment (Debye)=   6.69988

 Quadrupole (Debye*Angst.):

 Qxx = -53.34306     QYY =  15.13903     QZZ =  38.20403
 Qxy =  45.73173     QXZ =   5.71501     QYZ =  15.11589
