
 -----------------------------------------------
      Restrained ESP Fit 2.3  Amber 4.1
 -----------------------------------------------
 Resp charges for organic molecule                                               
 -----------------------------------------------


 inopt       =     0   ioutopt     =     1
 nmol        =     1   iqopt       =     0
 ihfree      =     1   irstrnt     =     1
 iunits      =     0   qwt         =   0.00050000
 wtmol(1) =     1.000000
 subtitle:

Resp charges for organic molecule                                               
ich =  -3  iuniq =  14
    1   15    0
    2    8    0
    3    8    2
    4    8    2
    5    8    0
    6    6    0
    7    1    0
    8    1    0
    9    6    0
   10    8    0
   11    6    0
   12    8    0
   13    1    0
   14    1    0

  ----------------------------------------------------------------------------
     ATOM                       COORDINATES                         CHARGE
                       X             Y                Z
  ----------------------------------------------------------------------------
  ----------------------------------------------------------------------------


 Charge on the molecule(ich) =   -3
 Total number of atoms (iuniq)     =   14
 Weight factor on initial charge restraints(qwt)=     0.50000D-03


  there are  1 charge constraints:


     1       1
     2       1
     3       1
     4       1
     5       1
     6       1
     7       1
     8       1
     9       1
    10       1
    11       1
    12       1
    13       1
    14       1

 Reading esp"s for molecule   1
 total number of atoms      =    14
 total number of esp points =  5696


 center     X       Y       Z 
    1  -0.3800978E+01   0.7300012E-01  -0.1221292E+00
    2  -0.4130756E+01   0.2938112E+01   0.9733223E-01
    3  -0.5074496E+01  -0.1095435E+01  -0.2429940E+01
    4  -0.4315641E+01  -0.1327378E+01   0.2355283E+01
    5  -0.7449545E+00  -0.3869441E+00  -0.7575156E+00
    6   0.1029693E+01   0.4942163E+00   0.1079846E+01
    7   0.5494208E+00  -0.3361369E+00   0.2919691E+01
    8   0.9200074E+00   0.2556794E+01   0.1237132E+01
    9   0.3648160E+01  -0.3326711E+00   0.3368493E+00
   10   0.4111490E+01  -0.2761681E+01   0.1199277E+00
   11   0.5427346E+01   0.1460223E+01  -0.3426829E-01
   12   0.7901502E+01   0.7074681E+00  -0.6399897E+00
   13   0.7771011E+01  -0.1119804E+01  -0.6732602E+00
   14   0.5165889E+01   0.3480420E+01   0.9303499E-01
 Initial ssvpot =   796.780


 Number of unique UNfrozen centers=   12

 Non-linear optimization requested.
 qchnge =    0.1862434798    
 qchnge =    0.1302411118E-02
 qchnge =    0.6265358904E-04
 qchnge =    0.2966785865E-05
 qchnge =    0.1399104104E-06

 Convergence in    4 iterations


Resp charges for organic molecule                                               

          Point Charges Before & After Optimization

    no.  At.no.    q(init)       q(opt)     ivary    d(rstr)/dq
    1  15       0.000000       1.355611      0       0.000368
    2   8       0.000000      -1.002729      0       0.000496
    3   8       0.000000      -1.002729      2       0.000496
    4   8       0.000000      -1.002729      2       0.000496
    5   8       0.000000      -0.556792      0       0.000884
    6   6       0.000000      -0.044217      0       0.004573
    7   1       0.000000       0.107516      0       0.000000
    8   1       0.000000       0.067444      0       0.000000
    9   6       0.000000       0.284395      0       0.001659
   10   8       0.000000      -0.884282      0       0.000562
   11   6       0.000000      -0.311697      0       0.001527
   12   8       0.000000      -0.644082      0       0.000767
   13   1       0.000000       0.437915      0       0.000000
   14   1       0.000000       0.196378      0       0.000000

 Sum over the calculated charges:     -3.000

        Statistics of the fitting:
  The initial sum of squares (ssvpot)                    796.780
  The residual sum of squares (chipot)                     0.034
  The std err of estimate (sqrt(chipot/N))               0.00243
  ESP relative RMS (SQRT(chipot/ssvpot))                 0.00650

 Center of Mass (Angst.):

 X  =   0.00000      Y  =   0.00000      Z  =   0.00000

 Dipole (Debye):

 X  =   9.99913      Y  =   3.91921      Z  =   1.82793

 Dipole Moment (Debye)=  10.89423

 Quadrupole (Debye*Angst.):

 Qxx =-155.24120     QYY =  67.20262     QZZ =  88.03858
 Qxy = 147.13079     QXZ = 130.99736     QYZ = 136.12990
