
 -----------------------------------------------
      Restrained ESP Fit 2.3  Amber 4.1
 -----------------------------------------------
 Resp charges for organic molecule                                               
 -----------------------------------------------


 inopt       =     0   ioutopt     =     1
 nmol        =     1   iqopt       =     0
 ihfree      =     1   irstrnt     =     1
 iunits      =     0   qwt         =   0.00050000
 wtmol(1) =     1.000000
 subtitle:

Resp charges for organic molecule                                               
ich =  -1  iuniq =  17
    1    8    0
    2    6    0
    3    8    1
    4    6    0
    5    6    0
    6    8    0
    7    6    0
    8    1    0
    9    1    0
   10    1    0
   11    1    0
   12    6    0
   13    1    0
   14    1    0
   15    1    0
   16    1    0
   17    1    0

  ----------------------------------------------------------------------------
     ATOM                       COORDINATES                         CHARGE
                       X             Y                Z
  ----------------------------------------------------------------------------
  ----------------------------------------------------------------------------


 Charge on the molecule(ich) =   -1
 Total number of atoms (iuniq)     =   17
 Weight factor on initial charge restraints(qwt)=     0.50000D-03


  there are  1 charge constraints:


     1       1
     2       1
     3       1
     4       1
     5       1
     6       1
     7       1
     8       1
     9       1
    10       1
    11       1
    12       1
    13       1
    14       1
    15       1
    16       1
    17       1

 Reading esp"s for molecule   1
 total number of atoms      =    17
 total number of esp points =  5006


 center     X       Y       Z 
    1   0.4320785E+01   0.1609100E+01   0.8088481E+00
    2   0.2751821E+01   0.5919378E-01   0.1715304E-01
    3   0.2626712E+01  -0.7110982E+00  -0.2216108E+01
    4   0.8998365E+00  -0.1081679E+01   0.1916647E+01
    5  -0.1844201E+01  -0.1403479E+01   0.1030133E+01
    6  -0.1965973E+01  -0.2793263E+01  -0.1255906E+01
    7  -0.3362150E+01   0.1054344E+01   0.8451365E+00
    8   0.1637805E+01  -0.2946835E+01   0.2369327E+01
    9   0.9322812E+00   0.1751209E-01   0.3642872E+01
   10  -0.3445619E+01   0.1892224E+01   0.2719420E+01
   11  -0.5287351E+01   0.5331106E+00   0.3529592E+00
   12  -0.2413987E+01   0.3022908E+01  -0.1044026E+01
   13  -0.3742196E+01   0.4583400E+01  -0.1155278E+01
   14  -0.2225706E+01   0.2232872E+01  -0.2926483E+01
   15  -0.6006475E+00   0.3804943E+01  -0.4939876E+00
   16  -0.2786078E+01  -0.2558201E+01   0.2436218E+01
   17  -0.5225999E+00  -0.2304657E+01  -0.2229986E+01
 Initial ssvpot =    94.596


 Number of unique UNfrozen centers=   16

 Non-linear optimization requested.
 qchnge =    0.1192858139    
 qchnge =    0.1669735530E-02
 qchnge =    0.1093678079E-03
 qchnge =    0.7483992088E-05
 qchnge =    0.5134486793E-06

 Convergence in    4 iterations


Resp charges for organic molecule                                               

          Point Charges Before & After Optimization

    no.  At.no.    q(init)       q(opt)     ivary    d(rstr)/dq
    1   8       0.000000      -0.907567      0       0.000548
    2   6       0.000000       0.977222      0       0.000509
    3   8       0.000000      -0.907567      1       0.000548
    4   6       0.000000      -0.423389      0       0.001149
    5   6       0.000000       0.507717      0       0.000966
    6   8       0.000000      -0.859251      0       0.000578
    7   6       0.000000       0.002652      0       0.004998
    8   1       0.000000       0.105878      0       0.000000
    9   1       0.000000       0.083341      0       0.000000
   10   1       0.000000      -0.010092      0       0.000000
   11   1       0.000000       0.003748      0       0.000000
   12   6       0.000000      -0.128191      0       0.003075
   13   1       0.000000       0.038656      0       0.000000
   14   1       0.000000       0.020611      0       0.000000
   15   1       0.000000       0.027832      0       0.000000
   16   1       0.000000      -0.018470      0       0.000000
   17   1       0.000000       0.486870      0       0.000000

 Sum over the calculated charges:     -1.000

        Statistics of the fitting:
  The initial sum of squares (ssvpot)                     94.596
  The residual sum of squares (chipot)                     0.011
  The std err of estimate (sqrt(chipot/N))               0.00149
  ESP relative RMS (SQRT(chipot/ssvpot))                 0.01085

 Center of Mass (Angst.):

 X  =   0.00000      Y  =   0.00000      Z  =   0.00000

 Dipole (Debye):

 X  =  -7.84860      Y  =  -0.17720      Z  =   3.81162

 Dipole Moment (Debye)=   8.72699

 Quadrupole (Debye*Angst.):

 Qxx = -35.04673     QYY =  13.24961     QZZ =  21.79712
 Qxy =   5.80669     QXZ =  34.63695     QYZ =  20.80506
