
 -----------------------------------------------
      Restrained ESP Fit 2.3  Amber 4.1
 -----------------------------------------------
 Resp charges for organic molecule                                               
 -----------------------------------------------


 inopt       =     0   ioutopt     =     1
 nmol        =     1   iqopt       =     0
 ihfree      =     1   irstrnt     =     1
 iunits      =     0   qwt         =   0.00050000
 wtmol(1) =     1.000000
 subtitle:

Resp charges for organic molecule                                               
ich =  -2  iuniq =  71
    1    6    0
    2    1    0
    3    6    0
    4    1    0
    5    6    0
    6    1    0
    7    1    0
    8    6    0
    9    6    0
   10    8    0
   11    7    0
   12    1    0
   13    1   12
   14    6    0
   15    1    0
   16    7    0
   17    6    0
   18    1    0
   19    6    0
   20    1    0
   21    8    0
   22    1    0
   23    6    0
   24    1    0
   25    8    0
   26    1    0
   27    6    0
   28    1    0
   29    8    0
   30    6    0
   31    1    0
   32    1    0
   33    8    0
   34   15    0
   35    8    0
   36    8   35
   37    8    0
   38   15    0
   39    8    0
   40    8   39
   41    8    0
   42    6    0
   43    1    0
   44    1    0
   45    6    0
   46    1    0
   47    8    0
   48    6    0
   49    1    0
   50    8    0
   51    1    0
   52    6    0
   53    1    0
   54    8    0
   55    1    0
   56    6    0
   57    1    0
   58    7    0
   59    6    0
   60    1    0
   61    7    0
   62    6    0
   63    6    0
   64    7    0
   65    1    0
   66    1   65
   67    7    0
   68    6    0
   69    1    0
   70    7    0
   71    6    0

  ----------------------------------------------------------------------------
     ATOM                       COORDINATES                         CHARGE
                       X             Y                Z
  ----------------------------------------------------------------------------
  ----------------------------------------------------------------------------


 Charge on the molecule(ich) =   -2
 Total number of atoms (iuniq)     =   71
 Weight factor on initial charge restraints(qwt)=     0.50000D-03


  there are  1 charge constraints:


     1       1
     2       1
     3       1
     4       1
     5       1
     6       1
     7       1
     8       1
     9       1
    10       1
    11       1
    12       1
    13       1
    14       1
    15       1
    16       1
    17       1
    18       1
    19       1
    20       1
    21       1
    22       1
    23       1
    24       1
    25       1
    26       1
    27       1
    28       1
    29       1
    30       1
    31       1
    32       1
    33       1
    34       1
    35       1
    36       1
    37       1
    38       1
    39       1
    40       1
    41       1
    42       1
    43       1
    44       1
    45       1
    46       1
    47       1
    48       1
    49       1
    50       1
    51       1
    52       1
    53       1
    54       1
    55       1
    56       1
    57       1
    58       1
    59       1
    60       1
    61       1
    62       1
    63       1
    64       1
    65       1
    66       1
    67       1
    68       1
    69       1
    70       1
    71       1

 Reading esp"s for molecule   1
 total number of atoms      =    71
 total number of esp points = 16928


 center     X       Y       Z 
    1  -0.1224260E+02   0.5638436E+01  -0.1874130E+01
    2  -0.1171312E+02   0.7594675E+01  -0.1873867E+01
    3  -0.1422230E+02   0.4794662E+01  -0.3131979E+01
    4  -0.1533552E+02   0.6121461E+01  -0.4193962E+01
    5  -0.1501271E+02   0.2061532E+01  -0.3130599E+01
    6  -0.1684477E+02   0.1846502E+01  -0.2220148E+01
    7  -0.1528019E+02   0.1406219E+01  -0.5058670E+01
    8  -0.1303554E+02   0.4643095E+00  -0.1809414E+01
    9  -0.1344815E+02  -0.2300483E+01  -0.1891072E+01
   10  -0.1542502E+02  -0.3127396E+01  -0.2779107E+01
   11  -0.1170762E+02  -0.3899104E+01  -0.9829032E+00
   12  -0.9959011E+01  -0.3424905E+01  -0.4669626E+00
   13  -0.1206458E+02  -0.5739395E+01  -0.1173582E+01
   14  -0.1108748E+02   0.1501251E+01  -0.5837798E+00
   15  -0.9704387E+01   0.3689860E+00   0.3596885E+00
   16  -0.1069300E+02   0.4067338E+01  -0.3966251E+00
   17  -0.8304289E+01   0.5022115E+01   0.4660556E+00
   18  -0.8415332E+01   0.7059542E+01   0.3643807E+00
   19  -0.7504733E+01   0.4279141E+01   0.3139562E+01
   20  -0.7904223E+01   0.2305381E+01   0.3481368E+01
   21  -0.8620238E+01   0.5783049E+01   0.5014335E+01
   22  -0.1030199E+02   0.5213098E+01   0.5285755E+01
   23  -0.4638293E+01   0.4631082E+01   0.3046631E+01
   24  -0.3686835E+01   0.3366320E+01   0.4330783E+01
   25  -0.3861451E+01   0.7076415E+01   0.3755471E+01
   26  -0.4580567E+01   0.8303947E+01   0.2656564E+01
   27  -0.4003963E+01   0.4034629E+01   0.2694900E+00
   28  -0.2737839E+01   0.5471894E+01  -0.4519204E+00
   29  -0.6323734E+01   0.4139241E+01  -0.1085228E+01
   30  -0.2785747E+01   0.1490737E+01  -0.1809016E+00
   31  -0.2523583E+01   0.1203791E+01  -0.2185459E+01
   32  -0.9663397E+00   0.1419625E+01   0.7519257E+00
   33  -0.4389843E+01  -0.4129713E+00   0.8100027E+00
   34  -0.4041708E+01  -0.3346748E+01   0.1722485E+00
   35  -0.3322129E+01  -0.3711327E+01  -0.2508959E+01
   36  -0.6292587E+01  -0.4647050E+01   0.1214055E+01
   37  -0.1611936E+01  -0.3945910E+01   0.1951305E+01
   38   0.3132769E+00  -0.6325818E+01   0.1868482E+01
   39   0.1807988E+01  -0.6179238E+01   0.4232512E+01
   40  -0.1078329E+01  -0.8661276E+01   0.1207952E+01
   41   0.2061816E+01  -0.5665302E+01  -0.5186580E+00
   42   0.3475930E+01  -0.3394492E+01  -0.6571050E+00
   43   0.3698233E+01  -0.2551729E+01   0.1191217E+01
   44   0.2487545E+01  -0.2078976E+01  -0.1867694E+01
   45   0.6036391E+01  -0.4010531E+01  -0.1794514E+01
   46   0.5774632E+01  -0.5030146E+01  -0.3546396E+01
   47   0.7274175E+01  -0.1672770E+01  -0.2319741E+01
   48   0.7793529E+01  -0.5478592E+01  -0.2449652E-01
   49   0.6763675E+01  -0.6506635E+01   0.1400669E+01
   50   0.9293742E+01  -0.7282586E+01  -0.1288612E+01
   51   0.9939254E+01  -0.6615634E+01  -0.2829483E+01
   52   0.9414144E+01  -0.3376124E+01   0.1115817E+01
   53   0.8405097E+01  -0.2498450E+01   0.2659334E+01
   54   0.1175537E+02  -0.4169066E+01   0.2049986E+01
   55   0.1239415E+02  -0.5443853E+01   0.9516018E+00
   56   0.9620170E+01  -0.1520846E+01  -0.1086991E+01
   57   0.1113021E+02  -0.2075359E+01  -0.2341992E+01
   58   0.1010174E+02   0.1065813E+01  -0.3873466E+00
   59   0.8613424E+01   0.2569908E+01   0.1107893E+01
   60   0.6916463E+01   0.1855204E+01   0.1941659E+01
   61   0.9444510E+01   0.4832422E+01   0.1367944E+01
   62   0.1164399E+02   0.4873514E+01  -0.5227738E-01
   63   0.1343151E+02   0.6756209E+01  -0.5459097E+00
   64   0.1322204E+02   0.9125651E+01   0.3506330E+00
   65   0.1206878E+02   0.9429321E+01   0.1808952E+01
   66   0.1476014E+02   0.1021258E+02   0.2738024E+00
   67   0.1538525E+02   0.6189563E+01  -0.2030911E+01
   68   0.1554098E+02   0.3871185E+01  -0.2974536E+01
   69   0.1715217E+02   0.3524997E+01  -0.4159073E+01
   70   0.1399621E+02   0.1955874E+01  -0.2647623E+01
   71   0.1206040E+02   0.2558458E+01  -0.1156767E+01
 Initial ssvpot =   473.620


 Number of unique UNfrozen centers=   67

 Non-linear optimization requested.
 qchnge =    0.6523635774E-01
 qchnge =    0.1645004255E-02
 qchnge =    0.2694486551E-03
 qchnge =    0.5486589993E-04
 qchnge =    0.1202369500E-04
 qchnge =    0.2713905811E-05
 qchnge =    0.6210584355E-06

 Convergence in    6 iterations


Resp charges for organic molecule                                               

          Point Charges Before & After Optimization

    no.  At.no.    q(init)       q(opt)     ivary    d(rstr)/dq
    1   6       0.000000      -0.280540      0       0.001679
    2   1       0.000000       0.217555      0       0.000000
    3   6       0.000000      -0.242555      0       0.001906
    4   1       0.000000       0.143208      0       0.000000
    5   6       0.000000       0.234765      0       0.001959
    6   1       0.000000      -0.011800      0       0.000000
    7   1       0.000000      -0.001376      0       0.000000
    8   6       0.000000      -0.330730      0       0.001447
    9   6       0.000000       0.957756      0       0.000519
   10   8       0.000000      -0.801431      0       0.000619
   11   7       0.000000      -1.133614      0       0.000439
   12   1       0.000000       0.481773      0       0.000000
   13   1       0.000000       0.481773     12       0.000000
   14   6       0.000000      -0.028017      0       0.004815
   15   1       0.000000       0.190497      0       0.000000
   16   7       0.000000       0.000924      0       0.005000
   17   6       0.000000       0.175188      0       0.002479
   18   1       0.000000       0.132596      0       0.000000
   19   6       0.000000       0.066524      0       0.004163
   20   1       0.000000       0.079074      0       0.000000
   21   8       0.000000      -0.765570      0       0.000648
   22   1       0.000000       0.498342      0       0.000000
   23   6       0.000000       0.577560      0       0.000853
   24   1       0.000000       0.048239      0       0.000000
   25   8       0.000000      -0.849836      0       0.000584
   26   1       0.000000       0.513312      0       0.000000
   27   6       0.000000      -0.054315      0       0.004394
   28   1       0.000000       0.109385      0       0.000000
   29   8       0.000000      -0.416383      0       0.001168
   30   6       0.000000       0.054353      0       0.004393
   31   1       0.000000       0.129289      0       0.000000
   32   1       0.000000       0.085453      0       0.000000
   33   8       0.000000      -0.538207      0       0.000913
   34  15       0.000000       1.293831      0       0.000385
   35   8       0.000000      -0.865965      0       0.000574
   36   8       0.000000      -0.865965     35       0.000574
   37   8       0.000000      -0.573871      0       0.000858
   38  15       0.000000       1.363891      0       0.000366
   39   8       0.000000      -0.898177      0       0.000553
   40   8       0.000000      -0.898177     39       0.000553
   41   8       0.000000      -0.576182      0       0.000855
   42   6       0.000000       0.049271      0       0.004485
   43   1       0.000000       0.088074      0       0.000000
   44   1       0.000000       0.122780      0       0.000000
   45   6       0.000000       0.146974      0       0.002813
   46   1       0.000000       0.124901      0       0.000000
   47   8       0.000000      -0.585940      0       0.000841
   48   6       0.000000       0.236369      0       0.001948
   49   1       0.000000       0.129973      0       0.000000
   50   8       0.000000      -0.778196      0       0.000637
   51   1       0.000000       0.491758      0       0.000000
   52   6       0.000000       0.139918      0       0.002907
   53   1       0.000000       0.116933      0       0.000000
   54   8       0.000000      -0.767083      0       0.000646
   55   1       0.000000       0.491357      0       0.000000
   56   6       0.000000       0.386463      0       0.001252
   57   1       0.000000       0.107859      0       0.000000
   58   7       0.000000      -0.180534      0       0.002422
   59   6       0.000000       0.258442      0       0.001804
   60   1       0.000000       0.175379      0       0.000000
   61   7       0.000000      -0.665880      0       0.000743
   62   6       0.000000      -0.056458      0       0.004354
   63   6       0.000000       0.843074      0       0.000589
   64   7       0.000000      -0.997151      0       0.000499
   65   1       0.000000       0.449349      0       0.000000
   66   1       0.000000       0.449349     65       0.000000
   67   7       0.000000      -0.900681      0       0.000552
   68   6       0.000000       0.689376      0       0.000718
   69   1       0.000000       0.063468      0       0.000000
   70   7       0.000000      -0.885282      0       0.000561
   71   6       0.000000       0.553559      0       0.000889

 Sum over the calculated charges:     -2.000

        Statistics of the fitting:
  The initial sum of squares (ssvpot)                    473.620
  The residual sum of squares (chipot)                     0.052
  The std err of estimate (sqrt(chipot/N))               0.00176
  ESP relative RMS (SQRT(chipot/ssvpot))                 0.01051

 Center of Mass (Angst.):

 X  =   0.00000      Y  =   0.00000      Z  =   0.00000

 Dipole (Debye):

 X  =  16.41000      Y  =  31.54071      Z  =  -3.65235

 Dipole Moment (Debye)=  35.74135

 Quadrupole (Debye*Angst.):

 Qxx =-154.94070     QYY = -16.50041     QZZ = 171.44112
 Qxy = 101.20842     QXZ = 206.59282     QYZ = 347.57538
