
 -----------------------------------------------
      Restrained ESP Fit 2.3  Amber 4.1
 -----------------------------------------------
 Resp charges for organic molecule                                               
 -----------------------------------------------


 inopt       =     0   ioutopt     =     1
 nmol        =     1   iqopt       =     0
 ihfree      =     1   irstrnt     =     1
 iunits      =     0   qwt         =   0.00050000
 wtmol(1) =     1.000000
 subtitle:

Resp charges for organic molecule                                               
ich =   0  iuniq =  19
    1    6    0
    2    6    0
    3    1    0
    4    1    0
    5    6    0
    6    6    0
    7    1    0
    8    6    0
    9    1    0
   10    6    0
   11    8    0
   12    1    0
   13    6    6
   14    1    7
   15    6    8
   16    1    9
   17    1    0
   18    1    0
   19    1    0

  ----------------------------------------------------------------------------
     ATOM                       COORDINATES                         CHARGE
                       X             Y                Z
  ----------------------------------------------------------------------------
  ----------------------------------------------------------------------------


 Charge on the molecule(ich) =    0
 Total number of atoms (iuniq)     =   19
 Weight factor on initial charge restraints(qwt)=     0.50000D-03


  there are  1 charge constraints:


     1       1
     2       1
     3       1
     4       1
     5       1
     6       1
     7       1
     8       1
     9       1
    10       1
    11       1
    12       1
    13       1
    14       1
    15       1
    16       1
    17       1
    18       1
    19       1

 Reading esp"s for molecule   1
 total number of atoms      =    19
 total number of esp points =  5618


 center     X       Y       Z 
    1   0.6002560E+01   0.2849896E-01   0.1487698E+01
    2   0.4542981E+01  -0.7014285E-01  -0.1009981E+01
    3   0.5100370E+01   0.1523148E+01  -0.2176297E+01
    4   0.5074190E+01  -0.1767328E+01  -0.2032395E+01
    5   0.1704881E+01  -0.3271683E-01  -0.6453395E+00
    6   0.3871047E+00   0.2238076E+01  -0.4577634E+00
    7   0.1393662E+01   0.3997523E+01  -0.6275345E+00
    8  -0.2198239E+01   0.2295796E+01  -0.6545822E-01
    9  -0.3194092E+01   0.4061386E+01   0.7012962E-01
   10  -0.3526348E+01   0.4645702E-01   0.1481942E+00
   11  -0.6070909E+01   0.1831976E+00   0.5321960E+00
   12  -0.6770633E+01  -0.1468612E+01   0.6484595E+00
   13   0.3278882E+00  -0.2257865E+01  -0.4288657E+00
   14   0.1282279E+01  -0.4048105E+01  -0.5746298E+00
   15  -0.2264440E+01  -0.2238250E+01  -0.3583298E-01
   16  -0.3297984E+01  -0.3982756E+01   0.1195781E+00
   17   0.5535482E+01  -0.1577848E+01   0.2676462E+01
   18   0.5558629E+01   0.1737611E+01   0.2533333E+01
   19   0.8027050E+01   0.3004664E-03   0.1149422E+01
 Initial ssvpot =     1.378


 Number of unique UNfrozen centers=   15

 Non-linear optimization requested.
 qchnge =    0.6654046490E-01
 qchnge =    0.2044912029E-02
 qchnge =    0.3066881338E-03
 qchnge =    0.5530972024E-04
 qchnge =    0.1037809834E-04
 qchnge =    0.1963715544E-05
 qchnge =    0.3720794640E-06

 Convergence in    6 iterations


Resp charges for organic molecule                                               

          Point Charges Before & After Optimization

    no.  At.no.    q(init)       q(opt)     ivary    d(rstr)/dq
    1   6       0.000000      -0.079297      0       0.003918
    2   6       0.000000       0.097549      0       0.003579
    3   1       0.000000       0.008026      0       0.000000
    4   1       0.000000       0.001914      0       0.000000
    5   6       0.000000      -0.078324      0       0.003936
    6   6       0.000000      -0.132322      0       0.003015
    7   1       0.000000       0.176988      0       0.000000
    8   6       0.000000      -0.412252      0       0.001179
    9   1       0.000000       0.215951      0       0.000000
   10   6       0.000000       0.518313      0       0.000947
   11   8       0.000000      -0.705352      0       0.000702
   12   1       0.000000       0.479556      0       0.000000
   13   6       0.000000      -0.132322      6       0.003015
   14   1       0.000000       0.176988      7       0.000000
   15   6       0.000000      -0.412252      8       0.001179
   16   1       0.000000       0.215951      9       0.000000
   17   1       0.000000       0.020209      0       0.000000
   18   1       0.000000       0.023898      0       0.000000
   19   1       0.000000       0.016775      0       0.000000

 Sum over the calculated charges:     -0.000

        Statistics of the fitting:
  The initial sum of squares (ssvpot)                      1.378
  The residual sum of squares (chipot)                     0.012
  The std err of estimate (sqrt(chipot/N))               0.00148
  ESP relative RMS (SQRT(chipot/ssvpot))                 0.09440

 Center of Mass (Angst.):

 X  =   0.00000      Y  =   0.00000      Z  =   0.00000

 Dipole (Debye):

 X  =   0.73184      Y  =  -2.06023      Z  =  -0.13654

 Dipole Moment (Debye)=   2.19062

 Quadrupole (Debye*Angst.):

 Qxx =   2.09813     QYY =  14.99275     QZZ = -17.09088
 Qxy =   4.11488     QXZ = -22.34988     QYZ = -20.74659
