
 -----------------------------------------------
      Restrained ESP Fit 2.3  Amber 4.1
 -----------------------------------------------
 Resp charges for organic molecule                                               
 -----------------------------------------------


 inopt       =     0   ioutopt     =     1
 nmol        =     1   iqopt       =     0
 ihfree      =     1   irstrnt     =     1
 iunits      =     0   qwt         =   0.00050000
 wtmol(1) =     1.000000
 subtitle:

Resp charges for organic molecule                                               
ich =  -1  iuniq =  15
    1    8    0
    2    6    0
    3    8    1
    4    6    0
    5    6    0
    6    8    0
    7    6    0
    8    1    0
    9    1    0
   10    1    0
   11    1    0
   12    6    0
   13    1    0
   14    1    0
   15    1    0

  ----------------------------------------------------------------------------
     ATOM                       COORDINATES                         CHARGE
                       X             Y                Z
  ----------------------------------------------------------------------------
  ----------------------------------------------------------------------------


 Charge on the molecule(ich) =   -1
 Total number of atoms (iuniq)     =   15
 Weight factor on initial charge restraints(qwt)=     0.50000D-03


  there are  1 charge constraints:


     1       1
     2       1
     3       1
     4       1
     5       1
     6       1
     7       1
     8       1
     9       1
    10       1
    11       1
    12       1
    13       1
    14       1
    15       1

 Reading esp"s for molecule   1
 total number of atoms      =    15
 total number of esp points =  5021


 center     X       Y       Z 
    1  -0.2362743E+01   0.5220614E+00   0.2388177E+01
    2  -0.2889673E+01   0.2100979E+00   0.1240265E+00
    3  -0.4909385E+01   0.7825903E+00  -0.9181517E+00
    4  -0.8943601E+00  -0.1018957E+01  -0.1589207E+01
    5   0.1596431E+01  -0.1478818E+01  -0.2746433E+00
    6   0.1914185E+01  -0.3369304E+01   0.9601452E+00
    7   0.3695484E+01   0.4265981E+00  -0.6068874E+00
    8  -0.1639112E+01  -0.2828674E+01  -0.2199237E+01
    9  -0.6532575E+00   0.1546986E+00  -0.3248821E+01
   10   0.4194604E+01   0.4114916E+00  -0.2600866E+01
   11   0.5316582E+01  -0.2372627E+00   0.4516785E+00
   12   0.3006182E+01   0.3124877E+01   0.1831409E+00
   13   0.4608378E+01   0.4359968E+01  -0.1429030E+00
   14   0.2528578E+01   0.3216916E+01   0.2172694E+01
   15   0.1423410E+01   0.3857284E+01  -0.8925006E+00
 Initial ssvpot =    98.569


 Number of unique UNfrozen centers=   14

 Non-linear optimization requested.
 qchnge =    0.1271726786    
 qchnge =    0.1718050222E-02
 qchnge =    0.1099646500E-03
 qchnge =    0.7413111256E-05
 qchnge =    0.5018740368E-06

 Convergence in    4 iterations


Resp charges for organic molecule                                               

          Point Charges Before & After Optimization

    no.  At.no.    q(init)       q(opt)     ivary    d(rstr)/dq
    1   8       0.000000      -0.904917      0       0.000549
    2   6       0.000000       0.956537      0       0.000520
    3   8       0.000000      -0.904917      1       0.000549
    4   6       0.000000      -0.327060      0       0.001462
    5   6       0.000000       0.641585      0       0.000770
    6   8       0.000000      -0.687840      0       0.000719
    7   6       0.000000       0.029255      0       0.004799
    8   1       0.000000       0.098024      0       0.000000
    9   1       0.000000       0.085646      0       0.000000
   10   1       0.000000       0.026183      0       0.000000
   11   1       0.000000       0.002337      0       0.000000
   12   6       0.000000      -0.158670      0       0.002666
   13   1       0.000000       0.053360      0       0.000000
   14   1       0.000000       0.049189      0       0.000000
   15   1       0.000000       0.041288      0       0.000000

 Sum over the calculated charges:     -1.000

        Statistics of the fitting:
  The initial sum of squares (ssvpot)                     98.569
  The residual sum of squares (chipot)                     0.011
  The std err of estimate (sqrt(chipot/N))               0.00150
  ESP relative RMS (SQRT(chipot/ssvpot))                 0.01069

 Center of Mass (Angst.):

 X  =   0.00000      Y  =   0.00000      Z  =   0.00000

 Dipole (Debye):

 X  =   9.61423      Y  =   1.36078      Z  =  -5.27102

 Dipole Moment (Debye)=  11.04848

 Quadrupole (Debye*Angst.):

 Qxx = -34.67967     QYY =  16.07803     QZZ =  18.60164
 Qxy =  70.54156     QXZ =  36.56776     QYZ =  49.28970
