
 -----------------------------------------------
      Restrained ESP Fit 2.3  Amber 4.1
 -----------------------------------------------
 Resp charges for organic molecule                                               
 -----------------------------------------------


 inopt       =     0   ioutopt     =     1
 nmol        =     1   iqopt       =     0
 ihfree      =     1   irstrnt     =     1
 iunits      =     0   qwt         =   0.00050000
 wtmol(1) =     1.000000
 subtitle:

Resp charges for organic molecule                                               
ich =  -1  iuniq =  18
    1    6    0
    2    6    0
    3    1    0
    4    1    0
    5    6    0
    6    6    0
    7    1    0
    8    6    0
    9    1    0
   10    6    0
   11    8    0
   12    6    6
   13    1    7
   14    6    8
   15    1    9
   16    1    0
   17    1    0
   18    1    0

  ----------------------------------------------------------------------------
     ATOM                       COORDINATES                         CHARGE
                       X             Y                Z
  ----------------------------------------------------------------------------
  ----------------------------------------------------------------------------


 Charge on the molecule(ich) =   -1
 Total number of atoms (iuniq)     =   18
 Weight factor on initial charge restraints(qwt)=     0.50000D-03


  there are  1 charge constraints:


     1       1
     2       1
     3       1
     4       1
     5       1
     6       1
     7       1
     8       1
     9       1
    10       1
    11       1
    12       1
    13       1
    14       1
    15       1
    16       1
    17       1
    18       1

 Reading esp"s for molecule   1
 total number of atoms      =    18
 total number of esp points =  5600


 center     X       Y       Z 
    1   0.5952096E+01  -0.1889726E-03   0.1461777E+01
    2   0.4456246E+01   0.7180959E-04  -0.1017708E+01
    3   0.5004178E+01   0.1644632E+01  -0.2119543E+01
    4   0.5003804E+01  -0.1644527E+01  -0.2119672E+01
    5   0.1618032E+01   0.2947972E-03  -0.6433969E+00
    6   0.2455170E+00   0.2237798E+01  -0.4325961E+00
    7   0.1223603E+01   0.4019508E+01  -0.5939163E+00
    8  -0.2337451E+01   0.2258608E+01  -0.3127685E-01
    9  -0.3327197E+01   0.4033665E+01   0.1125181E+00
   10  -0.3757766E+01   0.1058247E-03   0.1927275E+00
   11  -0.6163126E+01  -0.3004664E-03   0.5662205E+00
   12   0.2455359E+00  -0.2237651E+01  -0.4327454E+00
   13   0.1223925E+01  -0.4019183E+01  -0.5941544E+00
   14  -0.2337098E+01  -0.2258599E+01  -0.3143748E-01
   15  -0.3327038E+01  -0.4033550E+01   0.1122478E+00
   16   0.5508186E+01  -0.1658448E+01   0.2587785E+01
   17   0.5509532E+01   0.1658718E+01   0.2587366E+01
   18   0.7975316E+01  -0.1060136E-02   0.1105535E+01
 Initial ssvpot =    99.409


 Number of unique UNfrozen centers=   14

 Non-linear optimization requested.
 qchnge =    0.8471008171E-01
 qchnge =    0.2114845563E-02
 qchnge =    0.2992196949E-03
 qchnge =    0.4994989365E-04
 qchnge =    0.8673402135E-05
 qchnge =    0.1517870933E-05
 qchnge =    0.2657614835E-06

 Convergence in    6 iterations


Resp charges for organic molecule                                               

          Point Charges Before & After Optimization

    no.  At.no.    q(init)       q(opt)     ivary    d(rstr)/dq
    1   6       0.000000      -0.071508      0       0.004067
    2   6       0.000000       0.125986      0       0.003108
    3   1       0.000000      -0.009587      0       0.000000
    4   1       0.000000      -0.009493      0       0.000000
    5   6       0.000000      -0.201912      0       0.002219
    6   6       0.000000      -0.088620      0       0.003742
    7   1       0.000000       0.159580      0       0.000000
    8   6       0.000000      -0.541062      0       0.000909
    9   1       0.000000       0.171903      0       0.000000
   10   6       0.000000       0.716101      0       0.000692
   11   8       0.000000      -0.991910      0       0.000502
   12   6       0.000000      -0.088620      6       0.003742
   13   1       0.000000       0.159580      7       0.000000
   14   6       0.000000      -0.541062      8       0.000909
   15   1       0.000000       0.171903      9       0.000000
   16   1       0.000000       0.015739      0       0.000000
   17   1       0.000000       0.015680      0       0.000000
   18   1       0.000000       0.007302      0       0.000000

 Sum over the calculated charges:     -1.000

        Statistics of the fitting:
  The initial sum of squares (ssvpot)                     99.409
  The residual sum of squares (chipot)                     0.011
  The std err of estimate (sqrt(chipot/N))               0.00138
  ESP relative RMS (SQRT(chipot/ssvpot))                 0.01039

 Center of Mass (Angst.):

 X  =   0.00000      Y  =   0.00000      Z  =   0.00000

 Dipole (Debye):

 X  =  12.96217      Y  =   0.00034      Z  =  -1.11072

 Dipole Moment (Debye)=  13.00967

 Quadrupole (Debye*Angst.):

 Qxx = -83.18059     QYY =  50.78615     QZZ =  32.39444
 Qxy =  33.11154     QXZ =  42.21629     QYZ =  33.12641
