
 -----------------------------------------------
      Restrained ESP Fit 2.3  Amber 4.1
 -----------------------------------------------
 Resp charges for organic molecule                                               
 -----------------------------------------------


 inopt       =     0   ioutopt     =     1
 nmol        =     1   iqopt       =     0
 ihfree      =     1   irstrnt     =     1
 iunits      =     0   qwt         =   0.00050000
 wtmol(1) =     1.000000
 subtitle:

Resp charges for organic molecule                                               
ich =  -1  iuniq =  70
    1    6    0
    2    1    0
    3    6    0
    4    1    0
    5    6    0
    6    1    0
    7    6    0
    8    6    0
    9    8    0
   10    7    0
   11    1    0
   12    1   11
   13    6    0
   14    1    0
   15    7    0
   16    6    0
   17    1    0
   18    6    0
   19    1    0
   20    8    0
   21    1    0
   22    6    0
   23    1    0
   24    8    0
   25    1    0
   26    6    0
   27    1    0
   28    8    0
   29    6    0
   30    1    0
   31    1    0
   32    8    0
   33   15    0
   34    8    0
   35    8   34
   36    8    0
   37   15    0
   38    8    0
   39    8   38
   40    8    0
   41    6    0
   42    1    0
   43    1    0
   44    6    0
   45    1    0
   46    8    0
   47    6    0
   48    1    0
   49    8    0
   50    1    0
   51    6    0
   52    1    0
   53    8    0
   54    1    0
   55    6    0
   56    1    0
   57    7    0
   58    6    0
   59    1    0
   60    7    0
   61    6    0
   62    6    0
   63    7    0
   64    1    0
   65    1   64
   66    7    0
   67    6    0
   68    1    0
   69    7    0
   70    6    0

  ----------------------------------------------------------------------------
     ATOM                       COORDINATES                         CHARGE
                       X             Y                Z
  ----------------------------------------------------------------------------
  ----------------------------------------------------------------------------


 Charge on the molecule(ich) =   -1
 Total number of atoms (iuniq)     =   70
 Weight factor on initial charge restraints(qwt)=     0.50000D-03


  there are  1 charge constraints:


     1       1
     2       1
     3       1
     4       1
     5       1
     6       1
     7       1
     8       1
     9       1
    10       1
    11       1
    12       1
    13       1
    14       1
    15       1
    16       1
    17       1
    18       1
    19       1
    20       1
    21       1
    22       1
    23       1
    24       1
    25       1
    26       1
    27       1
    28       1
    29       1
    30       1
    31       1
    32       1
    33       1
    34       1
    35       1
    36       1
    37       1
    38       1
    39       1
    40       1
    41       1
    42       1
    43       1
    44       1
    45       1
    46       1
    47       1
    48       1
    49       1
    50       1
    51       1
    52       1
    53       1
    54       1
    55       1
    56       1
    57       1
    58       1
    59       1
    60       1
    61       1
    62       1
    63       1
    64       1
    65       1
    66       1
    67       1
    68       1
    69       1
    70       1

 Reading esp"s for molecule   1
 total number of atoms      =    70
 total number of esp points = 16832


 center     X       Y       Z 
    1  -0.1288249E+02   0.5170836E+01  -0.3279808E-01
    2  -0.1271327E+02   0.7065406E+01   0.6573015E+00
    3  -0.1517427E+02   0.4072082E+01  -0.5269558E+00
    4  -0.1687607E+02   0.5122356E+01  -0.2111674E+00
    5  -0.1521915E+02   0.1632105E+01  -0.1460807E+01
    6  -0.1698274E+02   0.7373711E+00  -0.1900785E+01
    7  -0.1296729E+02   0.3208188E+00  -0.1827308E+01
    8  -0.1309156E+02  -0.2303105E+01  -0.2902887E+01
    9  -0.1492811E+02  -0.2903033E+01  -0.4153355E+01
   10  -0.1118737E+02  -0.3868543E+01  -0.2448106E+01
   11  -0.9756657E+01  -0.3523541E+01  -0.1259629E+01
   12  -0.1130078E+02  -0.5605566E+01  -0.3175930E+01
   13  -0.1073339E+02   0.1523841E+01  -0.1277950E+01
   14  -0.8917906E+01   0.6752463E+00  -0.1528065E+01
   15  -0.1072663E+02   0.3902785E+01  -0.4187274E+00
   16  -0.8305091E+01   0.5154024E+01   0.2626492E+00
   17  -0.8670439E+01   0.7157392E+01   0.1703871E+00
   18  -0.7320001E+01   0.4381039E+01   0.2869332E+01
   19  -0.7704658E+01   0.2396441E+01   0.3168895E+01
   20  -0.8305907E+01   0.5845234E+01   0.4831599E+01
   21  -0.9930671E+01   0.5215351E+01   0.5272411E+01
   22  -0.4467492E+01   0.4733616E+01   0.2558733E+01
   23  -0.3435813E+01   0.3438540E+01   0.3746068E+01
   24  -0.3632290E+01   0.7160200E+01   0.3247677E+01
   25  -0.4412661E+01   0.8417531E+01   0.2225995E+01
   26  -0.4049312E+01   0.4169590E+01  -0.2602795E+00
   27  -0.2797955E+01   0.5571910E+01  -0.1060314E+01
   28  -0.6471410E+01   0.4430497E+01  -0.1452810E+01
   29  -0.2985304E+01   0.1589804E+01  -0.8594568E+00
   30  -0.2888701E+01   0.1341564E+01  -0.2883824E+01
   31  -0.1102379E+01   0.1441568E+01  -0.7389207E-01
   32  -0.4583192E+01  -0.2722415E+00   0.2081080E+00
   33  -0.4113616E+01  -0.3237441E+01  -0.1771184E+00
   34  -0.3142582E+01  -0.3762161E+01  -0.2749508E+01
   35  -0.6430669E+01  -0.4516715E+01   0.7422522E+00
   36  -0.1854532E+01  -0.3638613E+01   0.1854878E+01
   37   0.4491312E-01  -0.6017823E+01   0.2217198E+01
   38   0.1317761E+01  -0.5596924E+01   0.4675586E+01
   39  -0.1312290E+01  -0.8408684E+01   0.1701598E+01
   40   0.2003947E+01  -0.5637143E+01  -0.6325291E-01
   41   0.3459905E+01  -0.3404294E+01  -0.3242921E+00
   42   0.3684960E+01  -0.2463660E+01   0.1475800E+01
   43   0.2509671E+01  -0.2141230E+01  -0.1618286E+01
   44   0.6013051E+01  -0.4139284E+01  -0.1405168E+01
   45   0.5739604E+01  -0.5260835E+01  -0.3091601E+01
   46   0.7299919E+01  -0.1864640E+01  -0.2067903E+01
   47   0.7733944E+01  -0.5523484E+01   0.4620493E+00
   48   0.6678628E+01  -0.6470133E+01   0.1925446E+01
   49   0.9239488E+01  -0.7395613E+01  -0.6919194E+00
   50   0.9894711E+01  -0.6810744E+01  -0.2261911E+01
   51   0.9357266E+01  -0.3375446E+01   0.1510719E+01
   52   0.8333769E+01  -0.2405071E+01   0.2987073E+01
   53   0.1167439E+02  -0.4137903E+01   0.2526163E+01
   54   0.1232381E+02  -0.5467508E+01   0.1501312E+01
   55   0.9620476E+01  -0.1653907E+01  -0.7938644E+00
   56   0.1115103E+02  -0.2295220E+01  -0.1980506E+01
   57   0.1011040E+02   0.9679309E+00  -0.2487106E+00
   58   0.8625790E+01   0.2570271E+01   0.1147219E+01
   59   0.6950518E+01   0.1905297E+01   0.2062602E+01
   60   0.9435156E+01   0.4854132E+01   0.1216991E+01
   61   0.1160933E+02   0.4808251E+01  -0.2418377E+00
   62   0.1336062E+02   0.6668038E+01  -0.9184390E+00
   63   0.1313331E+02   0.9097950E+01  -0.2089735E+00
   64   0.1200098E+02   0.9502034E+01   0.1241435E+01
   65   0.1465232E+02   0.1019685E+02  -0.4036455E+00
   66   0.1529325E+02   0.6009824E+01  -0.2393362E+01
   67   0.1546258E+02   0.3626252E+01  -0.3154482E+01
   68   0.1705562E+02   0.3206967E+01  -0.4339943E+01
   69   0.1394981E+02   0.1724473E+01  -0.2647863E+01
   70   0.1203470E+02   0.2419411E+01  -0.1170517E+01
 Initial ssvpot =   194.011


 Number of unique UNfrozen centers=   66

 Non-linear optimization requested.
 qchnge =    0.6564108179E-01
 qchnge =    0.1551627394E-02
 qchnge =    0.2811566597E-03
 qchnge =    0.6078539277E-04
 qchnge =    0.1366466557E-04
 qchnge =    0.3112818113E-05
 qchnge =    0.7131354397E-06

 Convergence in    6 iterations


Resp charges for organic molecule                                               

          Point Charges Before & After Optimization

    no.  At.no.    q(init)       q(opt)     ivary    d(rstr)/dq
    1   6       0.000000       0.014829      0       0.004946
    2   1       0.000000       0.207436      0       0.000000
    3   6       0.000000      -0.215996      0       0.002101
    4   1       0.000000       0.212423      0       0.000000
    5   6       0.000000       0.050303      0       0.004467
    6   1       0.000000       0.183242      0       0.000000
    7   6       0.000000      -0.150709      0       0.002764
    8   6       0.000000       0.913399      0       0.000544
    9   8       0.000000      -0.755496      0       0.000656
   10   7       0.000000      -1.031145      0       0.000483
   11   1       0.000000       0.468866      0       0.000000
   12   1       0.000000       0.468866     11       0.000000
   13   6       0.000000      -0.029810      0       0.004792
   14   1       0.000000       0.269203      0       0.000000
   15   7       0.000000       0.190798      0       0.002321
   16   6       0.000000       0.107662      0       0.003403
   17   1       0.000000       0.156655      0       0.000000
   18   6       0.000000       0.311407      0       0.001529
   19   1       0.000000       0.028657      0       0.000000
   20   8       0.000000      -0.802103      0       0.000619
   21   1       0.000000       0.513453      0       0.000000
   22   6       0.000000       0.347325      0       0.001383
   23   1       0.000000       0.090446      0       0.000000
   24   8       0.000000      -0.813514      0       0.000610
   25   1       0.000000       0.512454      0       0.000000
   26   6       0.000000       0.286305      0       0.001649
   27   1       0.000000       0.061087      0       0.000000
   28   8       0.000000      -0.532927      0       0.000922
   29   6       0.000000      -0.041770      0       0.004614
   30   1       0.000000       0.145952      0       0.000000
   31   1       0.000000       0.076446      0       0.000000
   32   8       0.000000      -0.551160      0       0.000893
   33  15       0.000000       1.319819      0       0.000378
   34   8       0.000000      -0.870288      0       0.000571
   35   8       0.000000      -0.870288     34       0.000571
   36   8       0.000000      -0.576233      0       0.000855
   37  15       0.000000       1.366504      0       0.000365
   38   8       0.000000      -0.898393      0       0.000553
   39   8       0.000000      -0.898393     38       0.000553
   40   8       0.000000      -0.576479      0       0.000855
   41   6       0.000000       0.071519      0       0.004067
   42   1       0.000000       0.093746      0       0.000000
   43   1       0.000000       0.132146      0       0.000000
   44   6       0.000000       0.066694      0       0.004160
   45   1       0.000000       0.142544      0       0.000000
   46   8       0.000000      -0.562671      0       0.000875
   47   6       0.000000       0.269915      0       0.001737
   48   1       0.000000       0.123394      0       0.000000
   49   8       0.000000      -0.780533      0       0.000635
   50   1       0.000000       0.493657      0       0.000000
   51   6       0.000000       0.129886      0       0.003050
   52   1       0.000000       0.117268      0       0.000000
   53   8       0.000000      -0.761159      0       0.000651
   54   1       0.000000       0.488041      0       0.000000
   55   6       0.000000       0.399036      0       0.001215
   56   1       0.000000       0.106359      0       0.000000
   57   7       0.000000      -0.222444      0       0.002050
   58   6       0.000000       0.283956      0       0.001661
   59   1       0.000000       0.169852      0       0.000000
   60   7       0.000000      -0.674085      0       0.000734
   61   6       0.000000      -0.046934      0       0.004526
   62   6       0.000000       0.841694      0       0.000590
   63   7       0.000000      -0.996860      0       0.000499
   64   1       0.000000       0.449205      0       0.000000
   65   1       0.000000       0.449205     64       0.000000
   66   7       0.000000      -0.901384      0       0.000551
   67   6       0.000000       0.691211      0       0.000716
   68   1       0.000000       0.061333      0       0.000000
   69   7       0.000000      -0.879931      0       0.000565
   70   6       0.000000       0.556510      0       0.000884

 Sum over the calculated charges:     -1.000

        Statistics of the fitting:
  The initial sum of squares (ssvpot)                    194.011
  The residual sum of squares (chipot)                     0.045
  The std err of estimate (sqrt(chipot/N))               0.00163
  ESP relative RMS (SQRT(chipot/ssvpot))                 0.01516

 Center of Mass (Angst.):

 X  =   0.00000      Y  =   0.00000      Z  =   0.00000

 Dipole (Debye):

 X  = -13.94259      Y  =  36.68416      Z  =  -4.28810

 Dipole Moment (Debye)=  39.47798

 Quadrupole (Debye*Angst.):

 Qxx = 268.77232     QYY =-169.97361     QZZ = -98.79871
 Qxy =-275.77307     QXZ = -44.98727     QYZ = 114.63811
